[root@db124-oracle-26ai ~]# dnf install oracle-ai-database-preinstall-26ai -y
Last metadata expiration check: 0:26:41 ago on Sat 28 Feb 2026 03:43:17 PM CST.
Dependencies resolved.
===========================================================================================================================================================
 Package                                          Architecture         Version                                       Repository                       Size
===========================================================================================================================================================
Installing:
 oracle-ai-database-preinstall-26ai               x86_64               1.0-1.el8                                     ol8_appstream                    29 k
Installing dependencies:
 bc                                               x86_64               1.07.1-5.el8                                  ol8_baseos_latest               129 k
 bind-libs                                        x86_64               32:9.11.36-16.el8_10.6                        ol8_appstream                   176 k
 bind-libs-lite                                   x86_64               32:9.11.36-16.el8_10.6                        ol8_appstream                   1.2 M
 bind-license                                     noarch               32:9.11.36-16.el8_10.6                        ol8_appstream                   105 k
 bind-utils                                       x86_64               32:9.11.36-16.el8_10.6                        ol8_appstream                   453 k
 binutils                                         x86_64               2.30-128.0.1.el8_10                           ol8_baseos_latest               5.9 M
 checkpolicy                                      x86_64               2.9-1.el8                                     ol8_baseos_latest               346 k
 compat-openssl10                                 x86_64               1:1.0.2o-4.el8_10.1                           ol8_appstream                   1.1 M
 dejavu-fonts-common                              noarch               2.35-7.el8                                    ol8_baseos_latest                74 k
 dejavu-sans-fonts                                noarch               2.35-7.el8                                    ol8_baseos_latest               1.5 M
 fontconfig                                       x86_64               2.13.1-4.el8                                  ol8_baseos_latest               274 k
 fontpackages-filesystem                          noarch               1.44-22.el8                                   ol8_baseos_latest                16 k
 fstrm                                            x86_64               0.6.1-3.el8                                   ol8_appstream                    29 k
 glibc-devel                                      x86_64               2.28-251.0.4.el8_10.27                        ol8_baseos_latest                95 k
 glibc-headers                                    x86_64               2.28-251.0.4.el8_10.27                        ol8_baseos_latest               500 k
 kernel-headers                                   x86_64               4.18.0-553.107.1.el8_10                       ol8_baseos_latest                12 M
 ksh                                              x86_64               20120801-270.0.1.el8_10                       ol8_appstream                   922 k
 libICE                                           x86_64               1.0.9-15.el8                                  ol8_appstream                    74 k
 libSM                                            x86_64               1.2.3-1.el8                                   ol8_appstream                    47 k
 libX11                                           x86_64               1.6.8-9.el8_10                                ol8_appstream                   611 k
 libX11-common                                    noarch               1.6.8-9.el8_10                                ol8_appstream                   157 k
 libX11-xcb                                       x86_64               1.6.8-9.el8_10                                ol8_appstream                    14 k
 libXau                                           x86_64               1.0.9-3.el8                                   ol8_appstream                    37 k
 libXcomposite                                    x86_64               0.4.4-14.el8                                  ol8_appstream                    28 k
 libXext                                          x86_64               1.3.4-1.el8                                   ol8_appstream                    45 k
 libXi                                            x86_64               1.7.10-1.el8                                  ol8_appstream                    49 k
 libXinerama                                      x86_64               1.1.4-1.el8                                   ol8_appstream                    15 k
 libXmu                                           x86_64               1.1.3-1.el8                                   ol8_appstream                    75 k
 libXrandr                                        x86_64               1.5.2-1.el8                                   ol8_appstream                    34 k
 libXrender                                       x86_64               0.9.10-7.el8                                  ol8_appstream                    33 k
 libXt                                            x86_64               1.1.5-12.el8                                  ol8_appstream                   185 k
 libXtst                                          x86_64               1.2.3-7.el8                                   ol8_appstream                    22 k
 libXv                                            x86_64               1.0.11-7.el8                                  ol8_appstream                    20 k
 libXxf86dga                                      x86_64               1.1.5-1.el8                                   ol8_appstream                    26 k
 libXxf86misc                                     x86_64               1.0.4-1.el8                                   ol8_appstream                    23 k
 libXxf86vm                                       x86_64               1.1.4-9.el8                                   ol8_appstream                    19 k
 libdmx                                           x86_64               1.1.4-4.el8_10                                ol8_appstream                    21 k
 libmaxminddb                                     x86_64               1.2.0-10.el8_9.1                              ol8_appstream                    32 k
 libpkgconf                                       x86_64               1.4.2-1.el8                                   ol8_baseos_latest                35 k
 libxcb                                           x86_64               1.13.1-1.el8                                  ol8_appstream                   231 k
 libxcrypt-devel                                  x86_64               4.1.1-6.el8                                   ol8_baseos_latest                25 k
 lm_sensors-libs                                  x86_64               3.4.0-23.20180522git70f7e08.el8               ol8_baseos_latest                59 k
 make                                             x86_64               1:4.2.1-11.el8                                ol8_baseos_latest               498 k
 net-tools                                        x86_64               2.0-0.52.20160912git.el8                      ol8_baseos_latest               322 k
 pkgconf                                          x86_64               1.4.2-1.el8                                   ol8_baseos_latest                38 k
 pkgconf-m4                                       noarch               1.4.2-1.el8                                   ol8_baseos_latest                17 k
 pkgconf-pkg-config                               x86_64               1.4.2-1.el8                                   ol8_baseos_latest                15 k
 policycoreutils-python-utils                     noarch               2.9-26.0.1.el8_10                             ol8_baseos_latest               253 k
 protobuf-c                                       x86_64               1.3.0-8.el8                                   ol8_appstream                    37 k
 python3-audit                                    x86_64               3.1.2-1.0.1.el8_10.1                          ol8_baseos_latest                87 k
 python3-bind                                     noarch               32:9.11.36-16.el8_10.6                        ol8_appstream                   152 k
 python3-libsemanage                              x86_64               2.9-12.el8_10                                 ol8_baseos_latest               128 k
 python3-policycoreutils                          noarch               2.9-26.0.1.el8_10                             ol8_baseos_latest               2.3 M
 python3-setools                                  x86_64               4.3.0-5.el8                                   ol8_baseos_latest               626 k
 smartmontools                                    x86_64               1:7.1-3.0.1.el8                               ol8_baseos_latest               557 k
 sysstat                                          x86_64               11.7.3-13.0.2.el8_10                          ol8_appstream                   427 k
 tar                                              x86_64               2:1.30-11.el8_10                              ol8_baseos_latest               838 k
 unzip                                            x86_64               6.0-48.0.1.el8_10                             ol8_baseos_latest               195 k
 xorg-x11-utils                                   x86_64               7.5-28.el8                                    ol8_appstream                   136 k
 xorg-x11-xauth                                   x86_64               1:1.0.9-12.el8                                ol8_appstream                    39 k
Installing weak dependencies:
 geolite2-city                                    noarch               20180605-1.el8                                ol8_appstream                    19 M
 geolite2-country                                 noarch               20180605-1.el8                                ol8_appstream                   1.0 M

Transaction Summary
===========================================================================================================================================================
Install  63 Packages

Total download size: 53 M
Installed size: 132 M
Downloading Packages:
(1/63): binutils-2.30-128.0.1.el8_10.x86_64.rpm                                                                            2.7 MB/s | 5.9 MB     00:02    
(2/63): bc-1.07.1-5.el8.x86_64.rpm                                                                                          37 kB/s | 129 kB     00:03    
(3/63): checkpolicy-2.9-1.el8.x86_64.rpm                                                                                    92 kB/s | 346 kB     00:03    
(4/63): dejavu-fonts-common-2.35-7.el8.noarch.rpm                                                                           39 kB/s |  74 kB     00:01    
(5/63): dejavu-sans-fonts-2.35-7.el8.noarch.rpm                                                                            580 kB/s | 1.5 MB     00:02    
(6/63): fontconfig-2.13.1-4.el8.x86_64.rpm                                                                                 118 kB/s | 274 kB     00:02    
(7/63): glibc-devel-2.28-251.0.4.el8_10.27.x86_64.rpm                                                                      1.0 MB/s |  95 kB     00:00    
(8/63): fontpackages-filesystem-1.44-22.el8.noarch.rpm                                                                     6.6 kB/s |  16 kB     00:02    
(9/63): glibc-headers-2.28-251.0.4.el8_10.27.x86_64.rpm                                                                    957 kB/s | 500 kB     00:00    
(10/63): libxcrypt-devel-4.1.1-6.el8.x86_64.rpm                                                                             12 kB/s |  25 kB     00:02    
(11/63): libpkgconf-1.4.2-1.el8.x86_64.rpm                                                                                  12 kB/s |  35 kB     00:02    
(12/63): kernel-headers-4.18.0-553.107.1.el8_10.x86_64.rpm                                                                 3.5 MB/s |  12 MB     00:03    
(13/63): make-4.2.1-11.el8.x86_64.rpm                                                                                      1.1 MB/s | 498 kB     00:00    
(14/63): lm_sensors-libs-3.4.0-23.20180522git70f7e08.el8.x86_64.rpm                                                         30 kB/s |  59 kB     00:01    
(15/63): pkgconf-1.4.2-1.el8.x86_64.rpm                                                                                     24 kB/s |  38 kB     00:01    
(16/63): net-tools-2.0-0.52.20160912git.el8.x86_64.rpm                                                                     174 kB/s | 322 kB     00:01    
(17/63): pkgconf-m4-1.4.2-1.el8.noarch.rpm                                                                                  11 kB/s |  17 kB     00:01    
(18/63): pkgconf-pkg-config-1.4.2-1.el8.x86_64.rpm                                                                          10 kB/s |  15 kB     00:01    
(19/63): policycoreutils-python-utils-2.9-26.0.1.el8_10.noarch.rpm                                                         127 kB/s | 253 kB     00:01    
(20/63): python3-audit-3.1.2-1.0.1.el8_10.1.x86_64.rpm                                                                      54 kB/s |  87 kB     00:01    
(21/63): python3-libsemanage-2.9-12.el8_10.x86_64.rpm                                                                       81 kB/s | 128 kB     00:01    
(22/63): smartmontools-7.1-3.0.1.el8.x86_64.rpm                                                                            2.1 MB/s | 557 kB     00:00    
(23/63): tar-1.30-11.el8_10.x86_64.rpm                                                                                     1.2 MB/s | 838 kB     00:00    
(24/63): unzip-6.0-48.0.1.el8_10.x86_64.rpm                                                                                612 kB/s | 195 kB     00:00    
(25/63): bind-libs-9.11.36-16.el8_10.6.x86_64.rpm                                                                          397 kB/s | 176 kB     00:00    
(26/63): python3-setools-4.3.0-5.el8.x86_64.rpm                                                                            234 kB/s | 626 kB     00:02    
(27/63): bind-license-9.11.36-16.el8_10.6.noarch.rpm                                                                       262 kB/s | 105 kB     00:00    
(28/63): bind-libs-lite-9.11.36-16.el8_10.6.x86_64.rpm                                                                     730 kB/s | 1.2 MB     00:01    
(29/63): bind-utils-9.11.36-16.el8_10.6.x86_64.rpm                                                                         460 kB/s | 453 kB     00:00    
(30/63): python3-policycoreutils-2.9-26.0.1.el8_10.noarch.rpm                                                              458 kB/s | 2.3 MB     00:05    
(31/63): fstrm-0.6.1-3.el8.x86_64.rpm                                                                                       19 kB/s |  29 kB     00:01    
(32/63): compat-openssl10-1.0.2o-4.el8_10.1.x86_64.rpm                                                                     528 kB/s | 1.1 MB     00:02    
(33/63): ksh-20120801-270.0.1.el8_10.x86_64.rpm                                                                            442 kB/s | 922 kB     00:02    
(34/63): geolite2-country-20180605-1.el8.noarch.rpm                                                                        350 kB/s | 1.0 MB     00:03    
(35/63): libICE-1.0.9-15.el8.x86_64.rpm                                                                                     46 kB/s |  74 kB     00:01    
(36/63): libSM-1.2.3-1.el8.x86_64.rpm                                                                                       30 kB/s |  47 kB     00:01    
(37/63): libX11-common-1.6.8-9.el8_10.noarch.rpm                                                                            76 kB/s | 157 kB     00:02    
(38/63): libX11-1.6.8-9.el8_10.x86_64.rpm                                                                                  233 kB/s | 611 kB     00:02    
(39/63): libXau-1.0.9-3.el8.x86_64.rpm                                                                                      23 kB/s |  37 kB     00:01    
(40/63): geolite2-city-20180605-1.el8.noarch.rpm                                                                           1.9 MB/s |  19 MB     00:09    
(41/63): libX11-xcb-1.6.8-9.el8_10.x86_64.rpm                                                                              5.6 kB/s |  14 kB     00:02    
(42/63): libXcomposite-0.4.4-14.el8.x86_64.rpm                                                                              19 kB/s |  28 kB     00:01    
(43/63): libXext-1.3.4-1.el8.x86_64.rpm                                                                                     30 kB/s |  45 kB     00:01    
(44/63): libXi-1.7.10-1.el8.x86_64.rpm                                                                                      31 kB/s |  49 kB     00:01    
(45/63): libXinerama-1.1.4-1.el8.x86_64.rpm                                                                                 10 kB/s |  15 kB     00:01    
(46/63): libXrandr-1.5.2-1.el8.x86_64.rpm                                                                                   19 kB/s |  34 kB     00:01    
(47/63): libXmu-1.1.3-1.el8.x86_64.rpm                                                                                      38 kB/s |  75 kB     00:01    
(48/63): libXrender-0.9.10-7.el8.x86_64.rpm                                                                                 17 kB/s |  33 kB     00:01    
(49/63): libXtst-1.2.3-7.el8.x86_64.rpm                                                                                     14 kB/s |  22 kB     00:01    
(50/63): libXt-1.1.5-12.el8.x86_64.rpm                                                                                     106 kB/s | 185 kB     00:01    
(51/63): libXv-1.0.11-7.el8.x86_64.rpm                                                                                      13 kB/s |  20 kB     00:01    
(52/63): libXxf86dga-1.1.5-1.el8.x86_64.rpm                                                                                 17 kB/s |  26 kB     00:01    
(53/63): libXxf86misc-1.0.4-1.el8.x86_64.rpm                                                                                15 kB/s |  23 kB     00:01    
(54/63): libXxf86vm-1.1.4-9.el8.x86_64.rpm                                                                                  13 kB/s |  19 kB     00:01    
(55/63): libdmx-1.1.4-4.el8_10.x86_64.rpm                                                                                   14 kB/s |  21 kB     00:01    
(56/63): libmaxminddb-1.2.0-10.el8_9.1.x86_64.rpm                                                                           21 kB/s |  32 kB     00:01    
(57/63): libxcb-1.13.1-1.el8.x86_64.rpm                                                                                    144 kB/s | 231 kB     00:01    
(58/63): python3-bind-9.11.36-16.el8_10.6.noarch.rpm                                                                       1.3 MB/s | 152 kB     00:00    
(59/63): oracle-ai-database-preinstall-26ai-1.0-1.el8.x86_64.rpm                                                            19 kB/s |  29 kB     00:01    
(60/63): protobuf-c-1.3.0-8.el8.x86_64.rpm                                                                                  24 kB/s |  37 kB     00:01    
(61/63): sysstat-11.7.3-13.0.2.el8_10.x86_64.rpm                                                                           240 kB/s | 427 kB     00:01    
(62/63): xorg-x11-xauth-1.0.9-12.el8.x86_64.rpm                                                                             25 kB/s |  39 kB     00:01    
(63/63): xorg-x11-utils-7.5-28.el8.x86_64.rpm                                                                               44 kB/s | 136 kB     00:03    
-----------------------------------------------------------------------------------------------------------------------------------------------------------
Total                                                                                                                      1.3 MB/s |  53 MB     00:41     
Running transaction check
Transaction check succeeded.
Running transaction test
Transaction test succeeded.
Running transaction
  Preparing        :                                                                                                                                   1/1 
  Installing       : protobuf-c-1.3.0-8.el8.x86_64                                                                                                    1/63 
  Installing       : fstrm-0.6.1-3.el8.x86_64                                                                                                         2/63 
  Installing       : bind-license-32:9.11.36-16.el8_10.6.noarch                                                                                       3/63 
  Installing       : libXau-1.0.9-3.el8.x86_64                                                                                                        4/63 
  Installing       : libxcb-1.13.1-1.el8.x86_64                                                                                                       5/63 
  Installing       : libICE-1.0.9-15.el8.x86_64                                                                                                       6/63 
  Installing       : make-1:4.2.1-11.el8.x86_64                                                                                                       7/63 
  Running scriptlet: make-1:4.2.1-11.el8.x86_64                                                                                                       7/63 
  Installing       : fontpackages-filesystem-1.44-22.el8.noarch                                                                                       8/63 
  Installing       : dejavu-fonts-common-2.35-7.el8.noarch                                                                                            9/63 
  Installing       : dejavu-sans-fonts-2.35-7.el8.noarch                                                                                             10/63 
  Installing       : fontconfig-2.13.1-4.el8.x86_64                                                                                                  11/63 
  Running scriptlet: fontconfig-2.13.1-4.el8.x86_64                                                                                                  11/63 
  Installing       : compat-openssl10-1:1.0.2o-4.el8_10.1.x86_64                                                                                     12/63 
  Running scriptlet: compat-openssl10-1:1.0.2o-4.el8_10.1.x86_64                                                                                     12/63 
  Installing       : libSM-1.2.3-1.el8.x86_64                                                                                                        13/63 
  Installing       : python3-bind-32:9.11.36-16.el8_10.6.noarch                                                                                      14/63 
  Installing       : libX11-xcb-1.6.8-9.el8_10.x86_64                                                                                                15/63 
  Installing       : libX11-common-1.6.8-9.el8_10.noarch                                                                                             16/63 
  Installing       : libX11-1.6.8-9.el8_10.x86_64                                                                                                    17/63 
  Installing       : libXext-1.3.4-1.el8.x86_64                                                                                                      18/63 
  Installing       : libXi-1.7.10-1.el8.x86_64                                                                                                       19/63 
  Installing       : libXrender-0.9.10-7.el8.x86_64                                                                                                  20/63 
  Installing       : libXrandr-1.5.2-1.el8.x86_64                                                                                                    21/63 
  Installing       : libXtst-1.2.3-7.el8.x86_64                                                                                                      22/63 
  Installing       : libXinerama-1.1.4-1.el8.x86_64                                                                                                  23/63 
  Installing       : libXv-1.0.11-7.el8.x86_64                                                                                                       24/63 
  Installing       : libXxf86dga-1.1.5-1.el8.x86_64                                                                                                  25/63 
  Installing       : libXxf86misc-1.0.4-1.el8.x86_64                                                                                                 26/63 
  Installing       : libXxf86vm-1.1.4-9.el8.x86_64                                                                                                   27/63 
  Installing       : libdmx-1.1.4-4.el8_10.x86_64                                                                                                    28/63 
  Installing       : libXcomposite-0.4.4-14.el8.x86_64                                                                                               29/63 
  Installing       : xorg-x11-utils-7.5-28.el8.x86_64                                                                                                30/63 
  Installing       : libXt-1.1.5-12.el8.x86_64                                                                                                       31/63 
  Installing       : libXmu-1.1.3-1.el8.x86_64                                                                                                       32/63 
  Installing       : xorg-x11-xauth-1:1.0.9-12.el8.x86_64                                                                                            33/63 
  Installing       : ksh-20120801-270.0.1.el8_10.x86_64                                                                                              34/63 
  Running scriptlet: ksh-20120801-270.0.1.el8_10.x86_64                                                                                              34/63 
  Installing       : geolite2-country-20180605-1.el8.noarch                                                                                          35/63 
  Installing       : geolite2-city-20180605-1.el8.noarch                                                                                             36/63 
  Installing       : libmaxminddb-1.2.0-10.el8_9.1.x86_64                                                                                            37/63 
  Running scriptlet: libmaxminddb-1.2.0-10.el8_9.1.x86_64                                                                                            37/63 
  Installing       : bind-libs-lite-32:9.11.36-16.el8_10.6.x86_64                                                                                    38/63 
  Installing       : bind-libs-32:9.11.36-16.el8_10.6.x86_64                                                                                         39/63 
  Installing       : bind-utils-32:9.11.36-16.el8_10.6.x86_64                                                                                        40/63 
  Installing       : unzip-6.0-48.0.1.el8_10.x86_64                                                                                                  41/63 
  Installing       : tar-2:1.30-11.el8_10.x86_64                                                                                                     42/63 
  Running scriptlet: tar-2:1.30-11.el8_10.x86_64                                                                                                     42/63 
  Running scriptlet: smartmontools-1:7.1-3.0.1.el8.x86_64                                                                                            43/63 
  Installing       : smartmontools-1:7.1-3.0.1.el8.x86_64                                                                                            43/63 
  Running scriptlet: smartmontools-1:7.1-3.0.1.el8.x86_64                                                                                            43/63 
  Installing       : python3-setools-4.3.0-5.el8.x86_64                                                                                              44/63 
  Installing       : python3-libsemanage-2.9-12.el8_10.x86_64                                                                                        45/63 
  Installing       : python3-audit-3.1.2-1.0.1.el8_10.1.x86_64                                                                                       46/63 
  Installing       : pkgconf-m4-1.4.2-1.el8.noarch                                                                                                   47/63 
  Installing       : net-tools-2.0-0.52.20160912git.el8.x86_64                                                                                       48/63 
  Running scriptlet: net-tools-2.0-0.52.20160912git.el8.x86_64                                                                                       48/63 
  Installing       : lm_sensors-libs-3.4.0-23.20180522git70f7e08.el8.x86_64                                                                          49/63 
  Running scriptlet: lm_sensors-libs-3.4.0-23.20180522git70f7e08.el8.x86_64                                                                          49/63 
  Installing       : sysstat-11.7.3-13.0.2.el8_10.x86_64                                                                                             50/63 
  Running scriptlet: sysstat-11.7.3-13.0.2.el8_10.x86_64                                                                                             50/63 
  Installing       : libpkgconf-1.4.2-1.el8.x86_64                                                                                                   51/63 
  Installing       : pkgconf-1.4.2-1.el8.x86_64                                                                                                      52/63 
  Installing       : pkgconf-pkg-config-1.4.2-1.el8.x86_64                                                                                           53/63 
  Installing       : kernel-headers-4.18.0-553.107.1.el8_10.x86_64                                                                                   54/63 
  Running scriptlet: glibc-headers-2.28-251.0.4.el8_10.27.x86_64                                                                                     55/63 
  Installing       : glibc-headers-2.28-251.0.4.el8_10.27.x86_64                                                                                     55/63 
  Installing       : libxcrypt-devel-4.1.1-6.el8.x86_64                                                                                              56/63 
  Installing       : glibc-devel-2.28-251.0.4.el8_10.27.x86_64                                                                                       57/63 
  Running scriptlet: glibc-devel-2.28-251.0.4.el8_10.27.x86_64                                                                                       57/63 
  Installing       : checkpolicy-2.9-1.el8.x86_64                                                                                                    58/63 
  Installing       : python3-policycoreutils-2.9-26.0.1.el8_10.noarch                                                                                59/63 
  Installing       : policycoreutils-python-utils-2.9-26.0.1.el8_10.noarch                                                                           60/63 
  Installing       : binutils-2.30-128.0.1.el8_10.x86_64                                                                                             61/63 
  Running scriptlet: binutils-2.30-128.0.1.el8_10.x86_64                                                                                             61/63 
  Installing       : bc-1.07.1-5.el8.x86_64                                                                                                          62/63 
  Running scriptlet: bc-1.07.1-5.el8.x86_64                                                                                                          62/63 
  Installing       : oracle-ai-database-preinstall-26ai-1.0-1.el8.x86_64                                                                             63/63 
  Running scriptlet: oracle-ai-database-preinstall-26ai-1.0-1.el8.x86_64                                                                             63/63 
  Running scriptlet: fontconfig-2.13.1-4.el8.x86_64                                                                                                  63/63 
  Verifying        : bc-1.07.1-5.el8.x86_64                                                                                                           1/63 
  Verifying        : binutils-2.30-128.0.1.el8_10.x86_64                                                                                              2/63 
  Verifying        : checkpolicy-2.9-1.el8.x86_64                                                                                                     3/63 
  Verifying        : dejavu-fonts-common-2.35-7.el8.noarch                                                                                            4/63 
  Verifying        : dejavu-sans-fonts-2.35-7.el8.noarch                                                                                              5/63 
  Verifying        : fontconfig-2.13.1-4.el8.x86_64                                                                                                   6/63 
  Verifying        : fontpackages-filesystem-1.44-22.el8.noarch                                                                                       7/63 
  Verifying        : glibc-devel-2.28-251.0.4.el8_10.27.x86_64                                                                                        8/63 
  Verifying        : glibc-headers-2.28-251.0.4.el8_10.27.x86_64                                                                                      9/63 
  Verifying        : kernel-headers-4.18.0-553.107.1.el8_10.x86_64                                                                                   10/63 
  Verifying        : libpkgconf-1.4.2-1.el8.x86_64                                                                                                   11/63 
  Verifying        : libxcrypt-devel-4.1.1-6.el8.x86_64                                                                                              12/63 
  Verifying        : lm_sensors-libs-3.4.0-23.20180522git70f7e08.el8.x86_64                                                                          13/63 
  Verifying        : make-1:4.2.1-11.el8.x86_64                                                                                                      14/63 
  Verifying        : net-tools-2.0-0.52.20160912git.el8.x86_64                                                                                       15/63 
  Verifying        : pkgconf-1.4.2-1.el8.x86_64                                                                                                      16/63 
  Verifying        : pkgconf-m4-1.4.2-1.el8.noarch                                                                                                   17/63 
  Verifying        : pkgconf-pkg-config-1.4.2-1.el8.x86_64                                                                                           18/63 
  Verifying        : policycoreutils-python-utils-2.9-26.0.1.el8_10.noarch                                                                           19/63 
  Verifying        : python3-audit-3.1.2-1.0.1.el8_10.1.x86_64                                                                                       20/63 
  Verifying        : python3-libsemanage-2.9-12.el8_10.x86_64                                                                                        21/63 
  Verifying        : python3-policycoreutils-2.9-26.0.1.el8_10.noarch                                                                                22/63 
  Verifying        : python3-setools-4.3.0-5.el8.x86_64                                                                                              23/63 
  Verifying        : smartmontools-1:7.1-3.0.1.el8.x86_64                                                                                            24/63 
  Verifying        : tar-2:1.30-11.el8_10.x86_64                                                                                                     25/63 
  Verifying        : unzip-6.0-48.0.1.el8_10.x86_64                                                                                                  26/63 
  Verifying        : bind-libs-32:9.11.36-16.el8_10.6.x86_64                                                                                         27/63 
  Verifying        : bind-libs-lite-32:9.11.36-16.el8_10.6.x86_64                                                                                    28/63 
  Verifying        : bind-license-32:9.11.36-16.el8_10.6.noarch                                                                                      29/63 
  Verifying        : bind-utils-32:9.11.36-16.el8_10.6.x86_64                                                                                        30/63 
  Verifying        : compat-openssl10-1:1.0.2o-4.el8_10.1.x86_64                                                                                     31/63 
  Verifying        : fstrm-0.6.1-3.el8.x86_64                                                                                                        32/63 
  Verifying        : geolite2-city-20180605-1.el8.noarch                                                                                             33/63 
  Verifying        : geolite2-country-20180605-1.el8.noarch                                                                                          34/63 
  Verifying        : ksh-20120801-270.0.1.el8_10.x86_64                                                                                              35/63 
  Verifying        : libICE-1.0.9-15.el8.x86_64                                                                                                      36/63 
  Verifying        : libSM-1.2.3-1.el8.x86_64                                                                                                        37/63 
  Verifying        : libX11-1.6.8-9.el8_10.x86_64                                                                                                    38/63 
  Verifying        : libX11-common-1.6.8-9.el8_10.noarch                                                                                             39/63 
  Verifying        : libX11-xcb-1.6.8-9.el8_10.x86_64                                                                                                40/63 
  Verifying        : libXau-1.0.9-3.el8.x86_64                                                                                                       41/63 
  Verifying        : libXcomposite-0.4.4-14.el8.x86_64                                                                                               42/63 
  Verifying        : libXext-1.3.4-1.el8.x86_64                                                                                                      43/63 
  Verifying        : libXi-1.7.10-1.el8.x86_64                                                                                                       44/63 
  Verifying        : libXinerama-1.1.4-1.el8.x86_64                                                                                                  45/63 
  Verifying        : libXmu-1.1.3-1.el8.x86_64                                                                                                       46/63 
  Verifying        : libXrandr-1.5.2-1.el8.x86_64                                                                                                    47/63 
  Verifying        : libXrender-0.9.10-7.el8.x86_64                                                                                                  48/63 
  Verifying        : libXt-1.1.5-12.el8.x86_64                                                                                                       49/63 
  Verifying        : libXtst-1.2.3-7.el8.x86_64                                                                                                      50/63 
  Verifying        : libXv-1.0.11-7.el8.x86_64                                                                                                       51/63 
  Verifying        : libXxf86dga-1.1.5-1.el8.x86_64                                                                                                  52/63 
  Verifying        : libXxf86misc-1.0.4-1.el8.x86_64                                                                                                 53/63 
  Verifying        : libXxf86vm-1.1.4-9.el8.x86_64                                                                                                   54/63 
  Verifying        : libdmx-1.1.4-4.el8_10.x86_64                                                                                                    55/63 
  Verifying        : libmaxminddb-1.2.0-10.el8_9.1.x86_64                                                                                            56/63 
  Verifying        : libxcb-1.13.1-1.el8.x86_64                                                                                                      57/63 
  Verifying        : oracle-ai-database-preinstall-26ai-1.0-1.el8.x86_64                                                                             58/63 
  Verifying        : protobuf-c-1.3.0-8.el8.x86_64                                                                                                   59/63 
  Verifying        : python3-bind-32:9.11.36-16.el8_10.6.noarch                                                                                      60/63 
  Verifying        : sysstat-11.7.3-13.0.2.el8_10.x86_64                                                                                             61/63 
  Verifying        : xorg-x11-utils-7.5-28.el8.x86_64                                                                                                62/63 
  Verifying        : xorg-x11-xauth-1:1.0.9-12.el8.x86_64                                                                                            63/63 

Installed:
  bc-1.07.1-5.el8.x86_64                     bind-libs-32:9.11.36-16.el8_10.6.x86_64                bind-libs-lite-32:9.11.36-16.el8_10.6.x86_64         
  bind-license-32:9.11.36-16.el8_10.6.noarch bind-utils-32:9.11.36-16.el8_10.6.x86_64               binutils-2.30-128.0.1.el8_10.x86_64                  
  checkpolicy-2.9-1.el8.x86_64               compat-openssl10-1:1.0.2o-4.el8_10.1.x86_64            dejavu-fonts-common-2.35-7.el8.noarch                
  dejavu-sans-fonts-2.35-7.el8.noarch        fontconfig-2.13.1-4.el8.x86_64                         fontpackages-filesystem-1.44-22.el8.noarch           
  fstrm-0.6.1-3.el8.x86_64                   geolite2-city-20180605-1.el8.noarch                    geolite2-country-20180605-1.el8.noarch               
  glibc-devel-2.28-251.0.4.el8_10.27.x86_64  glibc-headers-2.28-251.0.4.el8_10.27.x86_64            kernel-headers-4.18.0-553.107.1.el8_10.x86_64        
  ksh-20120801-270.0.1.el8_10.x86_64         libICE-1.0.9-15.el8.x86_64                             libSM-1.2.3-1.el8.x86_64                             
  libX11-1.6.8-9.el8_10.x86_64               libX11-common-1.6.8-9.el8_10.noarch                    libX11-xcb-1.6.8-9.el8_10.x86_64                     
  libXau-1.0.9-3.el8.x86_64                  libXcomposite-0.4.4-14.el8.x86_64                      libXext-1.3.4-1.el8.x86_64                           
  libXi-1.7.10-1.el8.x86_64                  libXinerama-1.1.4-1.el8.x86_64                         libXmu-1.1.3-1.el8.x86_64                            
  libXrandr-1.5.2-1.el8.x86_64               libXrender-0.9.10-7.el8.x86_64                         libXt-1.1.5-12.el8.x86_64                            
  libXtst-1.2.3-7.el8.x86_64                 libXv-1.0.11-7.el8.x86_64                              libXxf86dga-1.1.5-1.el8.x86_64                       
  libXxf86misc-1.0.4-1.el8.x86_64            libXxf86vm-1.1.4-9.el8.x86_64                          libdmx-1.1.4-4.el8_10.x86_64                         
  libmaxminddb-1.2.0-10.el8_9.1.x86_64       libpkgconf-1.4.2-1.el8.x86_64                          libxcb-1.13.1-1.el8.x86_64                           
  libxcrypt-devel-4.1.1-6.el8.x86_64         lm_sensors-libs-3.4.0-23.20180522git70f7e08.el8.x86_64 make-1:4.2.1-11.el8.x86_64                           
  net-tools-2.0-0.52.20160912git.el8.x86_64  oracle-ai-database-preinstall-26ai-1.0-1.el8.x86_64    pkgconf-1.4.2-1.el8.x86_64                           
  pkgconf-m4-1.4.2-1.el8.noarch              pkgconf-pkg-config-1.4.2-1.el8.x86_64                  policycoreutils-python-utils-2.9-26.0.1.el8_10.noarch
  protobuf-c-1.3.0-8.el8.x86_64              python3-audit-3.1.2-1.0.1.el8_10.1.x86_64              python3-bind-32:9.11.36-16.el8_10.6.noarch           
  python3-libsemanage-2.9-12.el8_10.x86_64   python3-policycoreutils-2.9-26.0.1.el8_10.noarch       python3-setools-4.3.0-5.el8.x86_64                   
  smartmontools-1:7.1-3.0.1.el8.x86_64       sysstat-11.7.3-13.0.2.el8_10.x86_64                    tar-2:1.30-11.el8_10.x86_64                          
  unzip-6.0-48.0.1.el8_10.x86_64             xorg-x11-utils-7.5-28.el8.x86_64                       xorg-x11-xauth-1:1.0.9-12.el8.x86_64                 

Complete!
[root@db124-oracle-26ai ~]# 